<?xml version="1.0" encoding="UTF-8"?>
<testng-results skipped="0" failed="0" ignored="0" total="1" passed="1">
  <reporter-output>
  </reporter-output>
  <suite name="Default suite" duration-ms="15856" started-at="2017-04-11T14:37:50Z" finished-at="2017-04-11T14:38:06Z">
    <groups>
    </groups>
    <test name="Default test" duration-ms="15856" started-at="2017-04-11T14:37:50Z" finished-at="2017-04-11T14:38:06Z">
      <class name="com.tests.SearchTests">
        <test-method status="PASS" signature="beforeTest()[pri:0, instance:com.tests.SearchTests@27efef64]" name="beforeTest" is-config="true" duration-ms="8900" started-at="2017-04-11T15:37:50Z" finished-at="2017-04-11T15:37:59Z">
          <reporter-output>
          </reporter-output>
        </test-method> <!-- beforeTest -->
        <test-method status="PASS" signature="shouldDisplayResultsContainingKeyword()[pri:0, instance:com.tests.SearchTests@27efef64]" name="shouldDisplayResultsContainingKeyword" duration-ms="5584" started-at="2017-04-11T15:37:59Z" finished-at="2017-04-11T15:38:05Z">
          <reporter-output>
          </reporter-output>
        </test-method> <!-- shouldDisplayResultsContainingKeyword -->
        <test-method status="PASS" signature="afterTest()[pri:0, instance:com.tests.SearchTests@27efef64]" name="afterTest" is-config="true" duration-ms="1340" started-at="2017-04-11T15:38:05Z" finished-at="2017-04-11T15:38:06Z">
          <reporter-output>
          </reporter-output>
        </test-method> <!-- afterTest -->
      </class> <!-- com.tests.SearchTests -->
    </test> <!-- Default test -->
  </suite> <!-- Default suite -->
</testng-results>
